<?xml version="1.0" encoding="UTF-8"?>
<!-- Generated by org.testng.reporters.JUnitReportReporter -->
<testsuite skipped="0" hostname="DESKTOP-G3VP388" name="Interview.Selenium.Wiki" tests="1" failures="0" timestamp="13 Sep 2019 18:15:37 GMT" time="34.800" errors="0">
  <testcase name="test" time="34.800" classname="Interview.Selenium.Wiki"/>
</testsuite> <!-- Interview.Selenium.Wiki -->
